[30-Oct-2017 01:34:00 UTC] WP_Community_Events::maybe_log_events_response: Valid response received. Details: {"api_url":"https:\/\/api.wordpress.org\/events\/1.0\/","request_args":{"body":{"number":5,"ip":"::","locale":"es_CL","timezone":"America\/Santiago"}},"response_code":200,"response_body":{"location":{"ip":"200.83.181.229"},"events":"0 events trimmed."}}
[30-Oct-2017 01:34:13 UTC] PHP Fatal error:  Cannot redeclare dl_enqueue_style() (previously declared in /Users/franmedina/www/diario_de_vidas/wp-content/themes/diario_vidas/functions.php:12) in /Users/franmedina/www/diario_de_vidas/wp-content/themes/diario_vidas/functions/wp_enqueue_style.php on line 12
[30-Oct-2017 01:35:19 UTC] PHP Fatal error:  Cannot redeclare dl_enqueue_style() (previously declared in /Users/franmedina/www/diario_de_vidas/wp-content/themes/diario_vidas/functions.php:12) in /Users/franmedina/www/diario_de_vidas/wp-content/themes/diario_vidas/functions/wp_enqueue_style.php on line 12
[30-Oct-2017 01:35:44 UTC] PHP Fatal error:  Cannot redeclare dl_enqueue_style() (previously declared in /Users/franmedina/www/diario_de_vidas/wp-content/themes/diario_vidas/functions.php:12) in /Users/franmedina/www/diario_de_vidas/wp-content/themes/diario_vidas/functions/wp_enqueue_style.php on line 12
[30-Oct-2017 01:35:53 UTC] PHP Fatal error:  Cannot redeclare dl_enqueue_style() (previously declared in /Users/franmedina/www/diario_de_vidas/wp-content/themes/diario_vidas/functions.php:12) in /Users/franmedina/www/diario_de_vidas/wp-content/themes/diario_vidas/functions/wp_enqueue_style.php on line 12
[30-Oct-2017 01:36:01 UTC] PHP Fatal error:  Cannot redeclare dl_enqueue_style() (previously declared in /Users/franmedina/www/diario_de_vidas/wp-content/themes/diario_vidas/functions.php:12) in /Users/franmedina/www/diario_de_vidas/wp-content/themes/diario_vidas/functions/wp_enqueue_style.php on line 12
[03-Nov-2017 21:48:28 UTC] WP_Community_Events::maybe_log_events_response: Valid response received. Details: {"api_url":"https:\/\/api.wordpress.org\/events\/1.0\/","request_args":{"body":{"number":5,"ip":"::","locale":"es_CL","timezone":"America\/Santiago"}},"response_code":200,"response_body":{"location":{"ip":"190.20.195.107"},"events":"0 events trimmed."}}
[04-Nov-2017 15:50:17 UTC] WP_Community_Events::maybe_log_events_response: Valid response received. Details: {"api_url":"https:\/\/api.wordpress.org\/events\/1.0\/","request_args":{"body":{"number":5,"ip":"127.0.0.0","locale":"es_CL","timezone":"America\/Santiago"}},"response_code":200,"response_body":{"location":{"ip":"200.83.181.229"},"events":"0 events trimmed."}}
[04-Nov-2017 16:23:10 UTC] PHP Fatal error:  Cannot redeclare dl_image_sizes() (previously declared in /Users/franmedina/www/diario_de_vidas/wp-content/themes/diario_vidas/functions.php:25) in /Users/franmedina/www/diario_de_vidas/wp-content/themes/diario_vidas/functions/add_image_sizes.php on line 11
[04-Nov-2017 16:25:10 UTC] PHP Fatal error:  Cannot redeclare dl_image_sizes() (previously declared in /Users/franmedina/www/diario_de_vidas/wp-content/themes/diario_vidas/functions.php:25) in /Users/franmedina/www/diario_de_vidas/wp-content/themes/diario_vidas/functions/add_image_sizes.php on line 11
[04-Nov-2017 16:27:10 UTC] PHP Fatal error:  Cannot redeclare dl_image_sizes() (previously declared in /Users/franmedina/www/diario_de_vidas/wp-content/themes/diario_vidas/functions.php:25) in /Users/franmedina/www/diario_de_vidas/wp-content/themes/diario_vidas/functions/add_image_sizes.php on line 11
[04-Nov-2017 16:45:06 UTC] PHP Fatal error:  Uncaught Error: Call to undefined function the_post_meta() in /Users/franmedina/www/diario_de_vidas/wp-content/themes/diario_vidas/page-equipo.php:30
Stack trace:
#0 /Users/franmedina/www/diario_de_vidas/wp-includes/template-loader.php(74): include()
#1 /Users/franmedina/www/diario_de_vidas/wp-blog-header.php(19): require_once('/Users/franmedi...')
#2 /Users/franmedina/www/diario_de_vidas/index.php(17): require('/Users/franmedi...')
#3 {main}
  thrown in /Users/franmedina/www/diario_de_vidas/wp-content/themes/diario_vidas/page-equipo.php on line 30
[04-Nov-2017 16:45:47 UTC] PHP Fatal error:  Uncaught Error: Call to undefined function the_post_custom() in /Users/franmedina/www/diario_de_vidas/wp-content/themes/diario_vidas/page-equipo.php:30
Stack trace:
#0 /Users/franmedina/www/diario_de_vidas/wp-includes/template-loader.php(74): include()
#1 /Users/franmedina/www/diario_de_vidas/wp-blog-header.php(19): require_once('/Users/franmedi...')
#2 /Users/franmedina/www/diario_de_vidas/index.php(17): require('/Users/franmedi...')
#3 {main}
  thrown in /Users/franmedina/www/diario_de_vidas/wp-content/themes/diario_vidas/page-equipo.php on line 30
[04-Nov-2017 16:45:49 UTC] PHP Fatal error:  Uncaught Error: Call to undefined function the_post_custom() in /Users/franmedina/www/diario_de_vidas/wp-content/themes/diario_vidas/page-equipo.php:30
Stack trace:
#0 /Users/franmedina/www/diario_de_vidas/wp-includes/template-loader.php(74): include()
#1 /Users/franmedina/www/diario_de_vidas/wp-blog-header.php(19): require_once('/Users/franmedi...')
#2 /Users/franmedina/www/diario_de_vidas/index.php(17): require('/Users/franmedi...')
#3 {main}
  thrown in /Users/franmedina/www/diario_de_vidas/wp-content/themes/diario_vidas/page-equipo.php on line 30
[04-Nov-2017 17:21:27 UTC] PHP Parse error:  syntax error, unexpected '"relato_img"' (T_CONSTANT_ENCAPSED_STRING), expecting ')' in /Users/franmedina/www/diario_de_vidas/wp-content/themes/diario_vidas/functions/add_image_sizes.php on line 6
[04-Nov-2017 17:22:40 UTC] PHP Parse error:  syntax error, unexpected '"relato_img"' (T_CONSTANT_ENCAPSED_STRING), expecting ')' in /Users/franmedina/www/diario_de_vidas/wp-content/themes/diario_vidas/functions/add_image_sizes.php on line 6
[04-Nov-2017 17:23:03 UTC] PHP Notice:  Use of undefined constant auto - assumed 'auto' in /Users/franmedina/www/diario_de_vidas/wp-content/themes/diario_vidas/functions/add_image_sizes.php on line 13
[04-Nov-2017 17:24:05 UTC] PHP Notice:  Use of undefined constant auto - assumed 'auto' in /Users/franmedina/www/diario_de_vidas/wp-content/themes/diario_vidas/functions/add_image_sizes.php on line 13
[04-Nov-2017 17:25:06 UTC] PHP Notice:  Use of undefined constant auto - assumed 'auto' in /Users/franmedina/www/diario_de_vidas/wp-content/themes/diario_vidas/functions/add_image_sizes.php on line 13
[04-Nov-2017 17:42:19 UTC] PHP Fatal error:  Uncaught Error: Call to undefined function the_post_meta() in /Users/franmedina/www/diario_de_vidas/wp-content/themes/diario_vidas/page-equipo.php:32
Stack trace:
#0 /Users/franmedina/www/diario_de_vidas/wp-includes/template-loader.php(74): include()
#1 /Users/franmedina/www/diario_de_vidas/wp-blog-header.php(19): require_once('/Users/franmedi...')
#2 /Users/franmedina/www/diario_de_vidas/index.php(17): require('/Users/franmedi...')
#3 {main}
  thrown in /Users/franmedina/www/diario_de_vidas/wp-content/themes/diario_vidas/page-equipo.php on line 32
[04-Nov-2017 17:55:17 UTC] PHP Notice:  Use of undefined constant nill - assumed 'nill' in /Users/franmedina/www/diario_de_vidas/wp-content/themes/diario_vidas/page-relatos.php on line 38
[05-Nov-2017 04:19:59 UTC] WP_Community_Events::maybe_log_events_response: Valid response received. Details: {"api_url":"https:\/\/api.wordpress.org\/events\/1.0\/","request_args":{"body":{"number":5,"ip":"127.0.0.0","locale":"es_CL","timezone":"America\/Santiago"}},"response_code":200,"response_body":{"location":{"ip":"200.83.181.229"},"events":"0 events trimmed."}}
[05-Nov-2017 04:20:04 UTC] PHP Warning:  Ocurrió un error inesperado. Algo debe estar mal con WordPress.org o la configuración de este servidor. Si continúas con problemas, por favor visita los <a href="https://wordpress.org/support/">foros de soporte</a>. (WordPress no pudo establecer una conexión segura a WordPress.org. Por favor contacta al administrador de tu servidor.) in /Users/franmedina/www/diario_de_vidas/wp-includes/update.php on line 323
[05-Nov-2017 04:20:06 UTC] PHP Warning:  Ocurrió un error inesperado. Algo debe estar mal con WordPress.org o la configuración de este servidor. Si continúas con problemas, por favor visita los <a href="https://wordpress.org/support/">foros de soporte</a>. (WordPress no pudo establecer una conexión segura a WordPress.org. Por favor contacta al administrador de tu servidor.) in /Users/franmedina/www/diario_de_vidas/wp-includes/update.php on line 323
[05-Nov-2017 04:20:19 UTC] PHP Warning:  Ocurrió un error inesperado. Algo debe estar mal con WordPress.org o la configuración de este servidor. Si continúas con problemas, por favor visita los <a href="https://wordpress.org/support/">foros de soporte</a>. (WordPress no pudo establecer una conexión segura a WordPress.org. Por favor contacta al administrador de tu servidor.) in /Users/franmedina/www/diario_de_vidas/wp-includes/update.php on line 131
[05-Nov-2017 04:20:24 UTC] PHP Warning:  Ocurrió un error inesperado. Algo debe estar mal con WordPress.org o la configuración de este servidor. Si continúas con problemas, por favor visita los <a href="https://wordpress.org/support/">foros de soporte</a>. (WordPress no pudo establecer una conexión segura a WordPress.org. Por favor contacta al administrador de tu servidor.) in /Users/franmedina/www/diario_de_vidas/wp-includes/update.php on line 323
[05-Nov-2017 04:20:28 UTC] PHP Warning:  Ocurrió un error inesperado. Algo debe estar mal con WordPress.org o la configuración de este servidor. Si continúas con problemas, por favor visita los <a href="https://wordpress.org/support/">foros de soporte</a>. (WordPress no pudo establecer una conexión segura a WordPress.org. Por favor contacta al administrador de tu servidor.) in /Users/franmedina/www/diario_de_vidas/wp-includes/update.php on line 501
[05-Nov-2017 04:52:58 UTC] WP_Community_Events::maybe_log_events_response: Valid response received. Details: {"api_url":"https:\/\/api.wordpress.org\/events\/1.0\/","request_args":{"body":{"number":5,"ip":"::","locale":"es_CL","timezone":"America\/Santiago"}},"response_code":200,"response_body":{"location":{"ip":"200.83.181.229"},"events":"0 events trimmed."}}
[05-Nov-2017 16:51:06 UTC] WP_Community_Events::maybe_log_events_response: Valid response received. Details: {"api_url":"https:\/\/api.wordpress.org\/events\/1.0\/","request_args":{"body":{"number":5,"ip":"127.0.0.0","locale":"es_CL","timezone":"America\/Santiago"}},"response_code":200,"response_body":{"location":{"ip":"200.83.181.229"},"events":"0 events trimmed."}}
[05-Nov-2017 16:53:12 UTC] PHP Warning:  Ocurrió un error inesperado. Algo debe estar mal con WordPress.org o la configuración de este servidor. Si continúas con problemas, por favor visita los <a href="https://wordpress.org/support/">foros de soporte</a>. (WordPress no pudo establecer una conexión segura a WordPress.org. Por favor contacta al administrador de tu servidor.) in /Users/franmedina/www/diario_de_vidas/wp-includes/update.php on line 323
[05-Nov-2017 16:53:14 UTC] PHP Warning:  Cannot modify header information - headers already sent by (output started at /Users/franmedina/www/diario_de_vidas/wp-includes/update.php:323) in /Users/franmedina/www/diario_de_vidas/wp-includes/pluggable.php on line 1210
[05-Nov-2017 16:53:14 UTC] PHP Warning:  Cannot modify header information - headers already sent by (output started at /Users/franmedina/www/diario_de_vidas/wp-includes/update.php:323) in /Users/franmedina/www/diario_de_vidas/wp-includes/pluggable.php on line 1210
[05-Nov-2017 17:56:26 UTC] PHP Parse error:  syntax error, unexpected 'id' (T_STRING), expecting ']' in /Users/franmedina/www/diario_de_vidas/wp-content/themes/diario_vidas/page-buzon.php on line 15
[06-Nov-2017 12:58:14 UTC] WP_Community_Events::maybe_log_events_response: Valid response received. Details: {"api_url":"https:\/\/api.wordpress.org\/events\/1.0\/","request_args":{"body":{"number":5,"ip":"127.0.0.0","locale":"es_CL","timezone":"America\/Santiago"}},"response_code":200,"response_body":{"location":{"ip":"146.155.117.23"},"events":"0 events trimmed."}}
[06-Nov-2017 13:17:42 UTC] PHP Parse error:  syntax error, unexpected '$image' (T_VARIABLE) in /Users/franmedina/www/diario_de_vidas/wp-content/themes/diario_vidas/page-relatos.php on line 43
[06-Nov-2017 13:19:25 UTC] PHP Parse error:  syntax error, unexpected 'url' (T_STRING), expecting ',' or ';' in /Users/franmedina/www/diario_de_vidas/wp-content/themes/diario_vidas/page-relatos.php on line 43
[06-Nov-2017 13:19:38 UTC] PHP Parse error:  syntax error, unexpected 'url' (T_STRING), expecting ',' or ';' in /Users/franmedina/www/diario_de_vidas/wp-content/themes/diario_vidas/page-relatos.php on line 43
[06-Nov-2017 13:20:22 UTC] PHP Parse error:  syntax error, unexpected ''url'' (T_CONSTANT_ENCAPSED_STRING), expecting ',' or ';' in /Users/franmedina/www/diario_de_vidas/wp-content/themes/diario_vidas/page-relatos.php on line 43
[06-Nov-2017 13:23:15 UTC] PHP Parse error:  syntax error, unexpected '}', expecting ',' or ';' in /Users/franmedina/www/diario_de_vidas/wp-content/themes/diario_vidas/page-relatos.php on line 44
[06-Nov-2017 13:23:29 UTC] PHP Parse error:  syntax error, unexpected '}', expecting ',' or ';' in /Users/franmedina/www/diario_de_vidas/wp-content/themes/diario_vidas/page-relatos.php on line 44
[06-Nov-2017 13:23:43 UTC] PHP Parse error:  syntax error, unexpected '}', expecting ',' or ';' in /Users/franmedina/www/diario_de_vidas/wp-content/themes/diario_vidas/page-relatos.php on line 44
[06-Nov-2017 13:24:00 UTC] PHP Parse error:  syntax error, unexpected end of file in /Users/franmedina/www/diario_de_vidas/wp-content/themes/diario_vidas/page-relatos.php on line 56
[06-Nov-2017 13:24:09 UTC] PHP Parse error:  syntax error, unexpected '}', expecting ',' or ';' in /Users/franmedina/www/diario_de_vidas/wp-content/themes/diario_vidas/page-relatos.php on line 44
[06-Nov-2017 13:25:05 UTC] PHP Parse error:  syntax error, unexpected '}', expecting ',' or ';' in /Users/franmedina/www/diario_de_vidas/wp-content/themes/diario_vidas/page-relatos.php on line 44
[06-Nov-2017 13:25:45 UTC] PHP Parse error:  syntax error, unexpected '}', expecting ',' or ';' in /Users/franmedina/www/diario_de_vidas/wp-content/themes/diario_vidas/page-relatos.php on line 44
[06-Nov-2017 13:25:54 UTC] PHP Parse error:  syntax error, unexpected '}', expecting ',' or ';' in /Users/franmedina/www/diario_de_vidas/wp-content/themes/diario_vidas/page-relatos.php on line 44
[06-Nov-2017 13:26:02 UTC] PHP Parse error:  syntax error, unexpected '}', expecting ',' or ';' in /Users/franmedina/www/diario_de_vidas/wp-content/themes/diario_vidas/page-relatos.php on line 44
[06-Nov-2017 13:26:15 UTC] PHP Parse error:  syntax error, unexpected '}', expecting ',' or ';' in /Users/franmedina/www/diario_de_vidas/wp-content/themes/diario_vidas/page-relatos.php on line 44
[06-Nov-2017 13:26:27 UTC] PHP Parse error:  syntax error, unexpected '}', expecting ',' or ';' in /Users/franmedina/www/diario_de_vidas/wp-content/themes/diario_vidas/page-relatos.php on line 46
[06-Nov-2017 13:26:28 UTC] PHP Parse error:  syntax error, unexpected '}', expecting ',' or ';' in /Users/franmedina/www/diario_de_vidas/wp-content/themes/diario_vidas/page-relatos.php on line 46
[06-Nov-2017 13:26:29 UTC] PHP Parse error:  syntax error, unexpected '}', expecting ',' or ';' in /Users/franmedina/www/diario_de_vidas/wp-content/themes/diario_vidas/page-relatos.php on line 46
[06-Nov-2017 13:26:29 UTC] PHP Parse error:  syntax error, unexpected '}', expecting ',' or ';' in /Users/franmedina/www/diario_de_vidas/wp-content/themes/diario_vidas/page-relatos.php on line 46
[06-Nov-2017 13:26:30 UTC] PHP Parse error:  syntax error, unexpected '}', expecting ',' or ';' in /Users/franmedina/www/diario_de_vidas/wp-content/themes/diario_vidas/page-relatos.php on line 46
[06-Nov-2017 13:26:40 UTC] PHP Parse error:  syntax error, unexpected '}', expecting ',' or ';' in /Users/franmedina/www/diario_de_vidas/wp-content/themes/diario_vidas/page-relatos.php on line 46
[06-Nov-2017 13:28:19 UTC] PHP Parse error:  syntax error, unexpected '}', expecting ',' or ';' in /Users/franmedina/www/diario_de_vidas/wp-content/themes/diario_vidas/page-relatos.php on line 46
[06-Nov-2017 13:28:31 UTC] PHP Parse error:  syntax error, unexpected '}', expecting ',' or ';' in /Users/franmedina/www/diario_de_vidas/wp-content/themes/diario_vidas/page-relatos.php on line 48
[06-Nov-2017 18:36:43 UTC] PHP Warning:  Ocurrió un error inesperado. Algo debe estar mal con WordPress.org o la configuración de este servidor. Si continúas con problemas, por favor visita los <a href="https://wordpress.org/support/">foros de soporte</a>. (WordPress no pudo establecer una conexión segura a WordPress.org. Por favor contacta al administrador de tu servidor.) in /Users/franmedina/www/diario_de_vidas/wp-admin/includes/plugin-install.php on line 164
[07-Nov-2017 15:44:49 UTC] WP_Community_Events::maybe_log_events_response: Valid response received. Details: {"api_url":"https:\/\/api.wordpress.org\/events\/1.0\/","request_args":{"body":{"number":5,"ip":"127.0.0.0","locale":"es_CL","timezone":"America\/Santiago"}},"response_code":200,"response_body":{"location":{"ip":"190.20.108.3"},"events":"1 events trimmed."}}
[07-Nov-2017 19:24:21 UTC] PHP Fatal error:  Uncaught Error: Call to undefined function php_info() in /Users/franmedina/www/diario_de_vidas/wp-content/themes/diario_vidas/page-info.php:1
Stack trace:
#0 /Users/franmedina/www/diario_de_vidas/wp-includes/template-loader.php(74): include()
#1 /Users/franmedina/www/diario_de_vidas/wp-blog-header.php(19): require_once('/Users/franmedi...')
#2 /Users/franmedina/www/diario_de_vidas/index.php(17): require('/Users/franmedi...')
#3 {main}
  thrown in /Users/franmedina/www/diario_de_vidas/wp-content/themes/diario_vidas/page-info.php on line 1
[07-Nov-2017 21:40:40 UTC] WP_Community_Events::maybe_log_events_response: Valid response received. Details: {"api_url":"https:\/\/api.wordpress.org\/events\/1.0\/","request_args":{"body":{"number":5,"ip":"::","locale":"es_CL","timezone":"America\/Santiago"}},"response_code":200,"response_body":{"location":{"ip":"190.20.108.3"},"events":"1 events trimmed."}}
[08-Nov-2017 13:25:53 UTC] WP_Community_Events::maybe_log_events_response: Valid response received. Details: {"api_url":"https:\/\/api.wordpress.org\/events\/1.0\/","request_args":{"body":{"number":5,"ip":"::","locale":"es_CL","timezone":"America\/Santiago"}},"response_code":200,"response_body":{"location":{"ip":"146.155.117.26"},"events":"1 events trimmed."}}
[08-Nov-2017 13:57:27 UTC] WP_Community_Events::maybe_log_events_response: Valid response received. Details: {"api_url":"https:\/\/api.wordpress.org\/events\/1.0\/","request_args":{"body":{"number":5,"ip":"127.0.0.0","locale":"es_CL","timezone":"America\/Santiago"}},"response_code":200,"response_body":{"location":{"ip":"146.155.117.26"},"events":"1 events trimmed."}}
[08-Nov-2017 14:05:47 UTC] PHP Parse error:  syntax error, unexpected end of file in /Users/franmedina/www/diario_de_vidas/wp-content/themes/diario_vidas/archive.php on line 34
[08-Nov-2017 15:45:54 UTC] PHP Fatal error:  Uncaught Error: Call to undefined function post_type_archive_tag() in /Users/franmedina/www/diario_de_vidas/wp-content/themes/diario_vidas/archive.php:3
Stack trace:
#0 /Users/franmedina/www/diario_de_vidas/wp-includes/template-loader.php(74): include()
#1 /Users/franmedina/www/diario_de_vidas/wp-blog-header.php(19): require_once('/Users/franmedi...')
#2 /Users/franmedina/www/diario_de_vidas/index.php(17): require('/Users/franmedi...')
#3 {main}
  thrown in /Users/franmedina/www/diario_de_vidas/wp-content/themes/diario_vidas/archive.php on line 3
[08-Nov-2017 15:46:10 UTC] PHP Fatal error:  Uncaught Error: Call to undefined function post_type_archive() in /Users/franmedina/www/diario_de_vidas/wp-content/themes/diario_vidas/archive.php:3
Stack trace:
#0 /Users/franmedina/www/diario_de_vidas/wp-includes/template-loader.php(74): include()
#1 /Users/franmedina/www/diario_de_vidas/wp-blog-header.php(19): require_once('/Users/franmedi...')
#2 /Users/franmedina/www/diario_de_vidas/index.php(17): require('/Users/franmedi...')
#3 {main}
  thrown in /Users/franmedina/www/diario_de_vidas/wp-content/themes/diario_vidas/archive.php on line 3
[08-Nov-2017 15:46:13 UTC] PHP Fatal error:  Uncaught Error: Call to undefined function post_type_archive() in /Users/franmedina/www/diario_de_vidas/wp-content/themes/diario_vidas/archive.php:3
Stack trace:
#0 /Users/franmedina/www/diario_de_vidas/wp-includes/template-loader.php(74): include()
#1 /Users/franmedina/www/diario_de_vidas/wp-blog-header.php(19): require_once('/Users/franmedi...')
#2 /Users/franmedina/www/diario_de_vidas/index.php(17): require('/Users/franmedi...')
#3 {main}
  thrown in /Users/franmedina/www/diario_de_vidas/wp-content/themes/diario_vidas/archive.php on line 3
[08-Nov-2017 15:46:49 UTC] PHP Fatal error:  Uncaught Error: Call to undefined function post_type_archive() in /Users/franmedina/www/diario_de_vidas/wp-content/themes/diario_vidas/archive.php:3
Stack trace:
#0 /Users/franmedina/www/diario_de_vidas/wp-includes/template-loader.php(74): include()
#1 /Users/franmedina/www/diario_de_vidas/wp-blog-header.php(19): require_once('/Users/franmedi...')
#2 /Users/franmedina/www/diario_de_vidas/index.php(17): require('/Users/franmedi...')
#3 {main}
  thrown in /Users/franmedina/www/diario_de_vidas/wp-content/themes/diario_vidas/archive.php on line 3
[08-Nov-2017 15:46:50 UTC] PHP Fatal error:  Uncaught Error: Call to undefined function post_type_archive() in /Users/franmedina/www/diario_de_vidas/wp-content/themes/diario_vidas/archive.php:3
Stack trace:
#0 /Users/franmedina/www/diario_de_vidas/wp-includes/template-loader.php(74): include()
#1 /Users/franmedina/www/diario_de_vidas/wp-blog-header.php(19): require_once('/Users/franmedi...')
#2 /Users/franmedina/www/diario_de_vidas/index.php(17): require('/Users/franmedi...')
#3 {main}
  thrown in /Users/franmedina/www/diario_de_vidas/wp-content/themes/diario_vidas/archive.php on line 3
[08-Nov-2017 15:48:00 UTC] PHP Parse error:  syntax error, unexpected '}', expecting end of file in /Users/franmedina/www/diario_de_vidas/wp-content/themes/diario_vidas/archive.php on line 21
[08-Nov-2017 15:48:13 UTC] PHP Notice:  Undefined variable: postType in /Users/franmedina/www/diario_de_vidas/wp-content/themes/diario_vidas/archive.php on line 4
[08-Nov-2017 15:52:15 UTC] PHP Notice:  Undefined variable: postType in /Users/franmedina/www/diario_de_vidas/wp-content/themes/diario_vidas/archive.php on line 6
[09-Nov-2017 15:36:29 UTC] WP_Community_Events::maybe_log_events_response: Valid response received. Details: {"api_url":"https:\/\/api.wordpress.org\/events\/1.0\/","request_args":{"body":{"number":5,"ip":"::","locale":"es_CL","timezone":"America\/Santiago"}},"response_code":200,"response_body":{"location":{"ip":"200.83.181.229"},"events":"1 events trimmed."}}
[09-Nov-2017 15:52:59 UTC] PHP Notice:  wpcf7_add_shortcode is <strong>deprecated</strong> since Contact Form 7 version 4.6! Use wpcf7_add_form_tag instead. in /Users/franmedina/www/diario_de_vidas/wp-content/plugins/contact-form-7/includes/functions.php on line 355
[09-Nov-2017 15:53:02 UTC] PHP Notice:  wpcf7_add_shortcode is <strong>deprecated</strong> since Contact Form 7 version 4.6! Use wpcf7_add_form_tag instead. in /Users/franmedina/www/diario_de_vidas/wp-content/plugins/contact-form-7/includes/functions.php on line 355
[09-Nov-2017 15:53:04 UTC] PHP Notice:  wpcf7_add_shortcode is <strong>deprecated</strong> since Contact Form 7 version 4.6! Use wpcf7_add_form_tag instead. in /Users/franmedina/www/diario_de_vidas/wp-content/plugins/contact-form-7/includes/functions.php on line 355
[09-Nov-2017 15:53:04 UTC] PHP Notice:  WPCF7_ContactForm::form_scan_shortcode is <strong>deprecated</strong> since Contact Form 7 version 4.6! Use WPCF7_ContactForm::scan_form_tags instead. in /Users/franmedina/www/diario_de_vidas/wp-content/plugins/contact-form-7/includes/functions.php on line 355
[09-Nov-2017 15:53:18 UTC] PHP Notice:  wpcf7_add_shortcode is <strong>deprecated</strong> since Contact Form 7 version 4.6! Use wpcf7_add_form_tag instead. in /Users/franmedina/www/diario_de_vidas/wp-content/plugins/contact-form-7/includes/functions.php on line 355
[09-Nov-2017 15:53:18 UTC] PHP Warning:  Cannot modify header information - headers already sent by (output started at /Users/franmedina/www/diario_de_vidas/wp-content/plugins/contact-form-7/includes/functions.php:355) in /Users/franmedina/www/diario_de_vidas/wp-includes/rest-api/class-wp-rest-server.php on line 1266
[09-Nov-2017 15:53:18 UTC] PHP Warning:  Cannot modify header information - headers already sent by (output started at /Users/franmedina/www/diario_de_vidas/wp-content/plugins/contact-form-7/includes/functions.php:355) in /Users/franmedina/www/diario_de_vidas/wp-includes/rest-api/class-wp-rest-server.php on line 1266
[09-Nov-2017 15:53:18 UTC] PHP Warning:  Cannot modify header information - headers already sent by (output started at /Users/franmedina/www/diario_de_vidas/wp-content/plugins/contact-form-7/includes/functions.php:355) in /Users/franmedina/www/diario_de_vidas/wp-includes/rest-api/class-wp-rest-server.php on line 1266
[09-Nov-2017 15:53:18 UTC] PHP Warning:  Cannot modify header information - headers already sent by (output started at /Users/franmedina/www/diario_de_vidas/wp-content/plugins/contact-form-7/includes/functions.php:355) in /Users/franmedina/www/diario_de_vidas/wp-includes/rest-api/class-wp-rest-server.php on line 1266
[09-Nov-2017 15:53:18 UTC] PHP Warning:  Cannot modify header information - headers already sent by (output started at /Users/franmedina/www/diario_de_vidas/wp-content/plugins/contact-form-7/includes/functions.php:355) in /Users/franmedina/www/diario_de_vidas/wp-includes/rest-api/class-wp-rest-server.php on line 1266
[09-Nov-2017 15:53:18 UTC] PHP Warning:  Cannot modify header information - headers already sent by (output started at /Users/franmedina/www/diario_de_vidas/wp-content/plugins/contact-form-7/includes/functions.php:355) in /Users/franmedina/www/diario_de_vidas/wp-includes/rest-api/class-wp-rest-server.php on line 1266
[09-Nov-2017 15:53:18 UTC] PHP Warning:  Cannot modify header information - headers already sent by (output started at /Users/franmedina/www/diario_de_vidas/wp-content/plugins/contact-form-7/includes/functions.php:355) in /Users/franmedina/www/diario_de_vidas/wp-includes/rest-api/class-wp-rest-server.php on line 1266
[09-Nov-2017 15:53:18 UTC] PHP Warning:  Cannot modify header information - headers already sent by (output started at /Users/franmedina/www/diario_de_vidas/wp-content/plugins/contact-form-7/includes/functions.php:355) in /Users/franmedina/www/diario_de_vidas/wp-includes/rest-api/class-wp-rest-server.php on line 1266
[09-Nov-2017 15:53:18 UTC] PHP Warning:  Cannot modify header information - headers already sent by (output started at /Users/franmedina/www/diario_de_vidas/wp-content/plugins/contact-form-7/includes/functions.php:355) in /Users/franmedina/www/diario_de_vidas/wp-includes/rest-api/class-wp-rest-server.php on line 1294
[09-Nov-2017 15:53:18 UTC] PHP Warning:  Cannot modify header information - headers already sent by (output started at /Users/franmedina/www/diario_de_vidas/wp-content/plugins/contact-form-7/includes/functions.php:355) in /Users/franmedina/www/diario_de_vidas/wp-includes/rest-api/class-wp-rest-server.php on line 1266
[09-Nov-2017 15:53:18 UTC] PHP Warning:  Cannot modify header information - headers already sent by (output started at /Users/franmedina/www/diario_de_vidas/wp-content/plugins/contact-form-7/includes/functions.php:355) in /Users/franmedina/www/diario_de_vidas/wp-includes/rest-api/class-wp-rest-server.php on line 1266
[09-Nov-2017 15:53:18 UTC] PHP Warning:  Cannot modify header information - headers already sent by (output started at /Users/franmedina/www/diario_de_vidas/wp-content/plugins/contact-form-7/includes/functions.php:355) in /Users/franmedina/www/diario_de_vidas/wp-includes/rest-api.php on line 551
[09-Nov-2017 15:53:18 UTC] PHP Warning:  Cannot modify header information - headers already sent by (output started at /Users/franmedina/www/diario_de_vidas/wp-content/plugins/contact-form-7/includes/functions.php:355) in /Users/franmedina/www/diario_de_vidas/wp-includes/rest-api.php on line 552
[09-Nov-2017 15:53:18 UTC] PHP Warning:  Cannot modify header information - headers already sent by (output started at /Users/franmedina/www/diario_de_vidas/wp-content/plugins/contact-form-7/includes/functions.php:355) in /Users/franmedina/www/diario_de_vidas/wp-includes/rest-api.php on line 553
[09-Nov-2017 15:53:18 UTC] PHP Warning:  Cannot modify header information - headers already sent by (output started at /Users/franmedina/www/diario_de_vidas/wp-content/plugins/contact-form-7/includes/functions.php:355) in /Users/franmedina/www/diario_de_vidas/wp-includes/rest-api.php on line 554
[09-Nov-2017 15:54:04 UTC] PHP Notice:  wpcf7_add_shortcode is <strong>deprecated</strong> since Contact Form 7 version 4.6! Use wpcf7_add_form_tag instead. in /Users/franmedina/www/diario_de_vidas/wp-content/plugins/contact-form-7/includes/functions.php on line 355
[09-Nov-2017 15:54:20 UTC] PHP Notice:  wpcf7_add_shortcode is <strong>deprecated</strong> since Contact Form 7 version 4.6! Use wpcf7_add_form_tag instead. in /Users/franmedina/www/diario_de_vidas/wp-content/plugins/contact-form-7/includes/functions.php on line 355
[09-Nov-2017 15:54:20 UTC] PHP Warning:  Cannot modify header information - headers already sent by (output started at /Users/franmedina/www/diario_de_vidas/wp-content/plugins/contact-form-7/includes/functions.php:355) in /Users/franmedina/www/diario_de_vidas/wp-includes/rest-api/class-wp-rest-server.php on line 1266
[09-Nov-2017 15:54:20 UTC] PHP Warning:  Cannot modify header information - headers already sent by (output started at /Users/franmedina/www/diario_de_vidas/wp-content/plugins/contact-form-7/includes/functions.php:355) in /Users/franmedina/www/diario_de_vidas/wp-includes/rest-api/class-wp-rest-server.php on line 1266
[09-Nov-2017 15:54:20 UTC] PHP Warning:  Cannot modify header information - headers already sent by (output started at /Users/franmedina/www/diario_de_vidas/wp-content/plugins/contact-form-7/includes/functions.php:355) in /Users/franmedina/www/diario_de_vidas/wp-includes/rest-api/class-wp-rest-server.php on line 1266
[09-Nov-2017 15:54:20 UTC] PHP Warning:  Cannot modify header information - headers already sent by (output started at /Users/franmedina/www/diario_de_vidas/wp-content/plugins/contact-form-7/includes/functions.php:355) in /Users/franmedina/www/diario_de_vidas/wp-includes/rest-api/class-wp-rest-server.php on line 1266
[09-Nov-2017 15:54:20 UTC] PHP Warning:  Cannot modify header information - headers already sent by (output started at /Users/franmedina/www/diario_de_vidas/wp-content/plugins/contact-form-7/includes/functions.php:355) in /Users/franmedina/www/diario_de_vidas/wp-includes/rest-api/class-wp-rest-server.php on line 1266
[09-Nov-2017 15:54:20 UTC] PHP Warning:  Cannot modify header information - headers already sent by (output started at /Users/franmedina/www/diario_de_vidas/wp-content/plugins/contact-form-7/includes/functions.php:355) in /Users/franmedina/www/diario_de_vidas/wp-includes/rest-api/class-wp-rest-server.php on line 1266
[09-Nov-2017 15:54:20 UTC] PHP Warning:  Cannot modify header information - headers already sent by (output started at /Users/franmedina/www/diario_de_vidas/wp-content/plugins/contact-form-7/includes/functions.php:355) in /Users/franmedina/www/diario_de_vidas/wp-includes/rest-api/class-wp-rest-server.php on line 1266
[09-Nov-2017 15:54:20 UTC] PHP Warning:  Cannot modify header information - headers already sent by (output started at /Users/franmedina/www/diario_de_vidas/wp-content/plugins/contact-form-7/includes/functions.php:355) in /Users/franmedina/www/diario_de_vidas/wp-includes/rest-api/class-wp-rest-server.php on line 1266
[09-Nov-2017 15:54:20 UTC] PHP Warning:  Cannot modify header information - headers already sent by (output started at /Users/franmedina/www/diario_de_vidas/wp-content/plugins/contact-form-7/includes/functions.php:355) in /Users/franmedina/www/diario_de_vidas/wp-includes/rest-api/class-wp-rest-server.php on line 1294
[09-Nov-2017 15:54:20 UTC] PHP Warning:  Cannot modify header information - headers already sent by (output started at /Users/franmedina/www/diario_de_vidas/wp-content/plugins/contact-form-7/includes/functions.php:355) in /Users/franmedina/www/diario_de_vidas/wp-includes/rest-api/class-wp-rest-server.php on line 1266
[09-Nov-2017 15:54:20 UTC] PHP Warning:  Cannot modify header information - headers already sent by (output started at /Users/franmedina/www/diario_de_vidas/wp-content/plugins/contact-form-7/includes/functions.php:355) in /Users/franmedina/www/diario_de_vidas/wp-includes/rest-api/class-wp-rest-server.php on line 1266
[09-Nov-2017 15:54:20 UTC] PHP Warning:  Cannot modify header information - headers already sent by (output started at /Users/franmedina/www/diario_de_vidas/wp-content/plugins/contact-form-7/includes/functions.php:355) in /Users/franmedina/www/diario_de_vidas/wp-includes/rest-api.php on line 551
[09-Nov-2017 15:54:20 UTC] PHP Warning:  Cannot modify header information - headers already sent by (output started at /Users/franmedina/www/diario_de_vidas/wp-content/plugins/contact-form-7/includes/functions.php:355) in /Users/franmedina/www/diario_de_vidas/wp-includes/rest-api.php on line 552
[09-Nov-2017 15:54:20 UTC] PHP Warning:  Cannot modify header information - headers already sent by (output started at /Users/franmedina/www/diario_de_vidas/wp-content/plugins/contact-form-7/includes/functions.php:355) in /Users/franmedina/www/diario_de_vidas/wp-includes/rest-api.php on line 553
[09-Nov-2017 15:54:20 UTC] PHP Warning:  Cannot modify header information - headers already sent by (output started at /Users/franmedina/www/diario_de_vidas/wp-content/plugins/contact-form-7/includes/functions.php:355) in /Users/franmedina/www/diario_de_vidas/wp-includes/rest-api.php on line 554
[09-Nov-2017 15:54:46 UTC] PHP Notice:  wpcf7_add_shortcode is <strong>deprecated</strong> since Contact Form 7 version 4.6! Use wpcf7_add_form_tag instead. in /Users/franmedina/www/diario_de_vidas/wp-content/plugins/contact-form-7/includes/functions.php on line 355
[09-Nov-2017 15:55:05 UTC] PHP Notice:  wpcf7_add_shortcode is <strong>deprecated</strong> since Contact Form 7 version 4.6! Use wpcf7_add_form_tag instead. in /Users/franmedina/www/diario_de_vidas/wp-content/plugins/contact-form-7/includes/functions.php on line 355
[09-Nov-2017 15:55:46 UTC] PHP Notice:  wpcf7_add_shortcode is <strong>deprecated</strong> since Contact Form 7 version 4.6! Use wpcf7_add_form_tag instead. in /Users/franmedina/www/diario_de_vidas/wp-content/plugins/contact-form-7/includes/functions.php on line 355
[09-Nov-2017 15:56:05 UTC] PHP Notice:  wpcf7_add_shortcode is <strong>deprecated</strong> since Contact Form 7 version 4.6! Use wpcf7_add_form_tag instead. in /Users/franmedina/www/diario_de_vidas/wp-content/plugins/contact-form-7/includes/functions.php on line 355
[09-Nov-2017 15:56:20 UTC] PHP Notice:  wpcf7_add_shortcode is <strong>deprecated</strong> since Contact Form 7 version 4.6! Use wpcf7_add_form_tag instead. in /Users/franmedina/www/diario_de_vidas/wp-content/plugins/contact-form-7/includes/functions.php on line 355
[09-Nov-2017 15:56:20 UTC] PHP Warning:  Cannot modify header information - headers already sent by (output started at /Users/franmedina/www/diario_de_vidas/wp-content/plugins/contact-form-7/includes/functions.php:355) in /Users/franmedina/www/diario_de_vidas/wp-includes/rest-api/class-wp-rest-server.php on line 1266
[09-Nov-2017 15:56:20 UTC] PHP Warning:  Cannot modify header information - headers already sent by (output started at /Users/franmedina/www/diario_de_vidas/wp-content/plugins/contact-form-7/includes/functions.php:355) in /Users/franmedina/www/diario_de_vidas/wp-includes/rest-api/class-wp-rest-server.php on line 1266
[09-Nov-2017 15:56:20 UTC] PHP Warning:  Cannot modify header information - headers already sent by (output started at /Users/franmedina/www/diario_de_vidas/wp-content/plugins/contact-form-7/includes/functions.php:355) in /Users/franmedina/www/diario_de_vidas/wp-includes/rest-api/class-wp-rest-server.php on line 1266
[09-Nov-2017 15:56:20 UTC] PHP Warning:  Cannot modify header information - headers already sent by (output started at /Users/franmedina/www/diario_de_vidas/wp-content/plugins/contact-form-7/includes/functions.php:355) in /Users/franmedina/www/diario_de_vidas/wp-includes/rest-api/class-wp-rest-server.php on line 1266
[09-Nov-2017 15:56:20 UTC] PHP Warning:  Cannot modify header information - headers already sent by (output started at /Users/franmedina/www/diario_de_vidas/wp-content/plugins/contact-form-7/includes/functions.php:355) in /Users/franmedina/www/diario_de_vidas/wp-includes/rest-api/class-wp-rest-server.php on line 1266
[09-Nov-2017 15:56:20 UTC] PHP Warning:  Cannot modify header information - headers already sent by (output started at /Users/franmedina/www/diario_de_vidas/wp-content/plugins/contact-form-7/includes/functions.php:355) in /Users/franmedina/www/diario_de_vidas/wp-includes/rest-api/class-wp-rest-server.php on line 1266
[09-Nov-2017 15:56:20 UTC] PHP Warning:  Cannot modify header information - headers already sent by (output started at /Users/franmedina/www/diario_de_vidas/wp-content/plugins/contact-form-7/includes/functions.php:355) in /Users/franmedina/www/diario_de_vidas/wp-includes/rest-api/class-wp-rest-server.php on line 1266
[09-Nov-2017 15:56:20 UTC] PHP Warning:  Cannot modify header information - headers already sent by (output started at /Users/franmedina/www/diario_de_vidas/wp-content/plugins/contact-form-7/includes/functions.php:355) in /Users/franmedina/www/diario_de_vidas/wp-includes/rest-api/class-wp-rest-server.php on line 1266
[09-Nov-2017 15:56:20 UTC] PHP Warning:  Cannot modify header information - headers already sent by (output started at /Users/franmedina/www/diario_de_vidas/wp-content/plugins/contact-form-7/includes/functions.php:355) in /Users/franmedina/www/diario_de_vidas/wp-includes/rest-api/class-wp-rest-server.php on line 1294
[09-Nov-2017 15:56:20 UTC] PHP Warning:  Cannot modify header information - headers already sent by (output started at /Users/franmedina/www/diario_de_vidas/wp-content/plugins/contact-form-7/includes/functions.php:355) in /Users/franmedina/www/diario_de_vidas/wp-includes/rest-api/class-wp-rest-server.php on line 1266
[09-Nov-2017 15:56:20 UTC] PHP Warning:  Cannot modify header information - headers already sent by (output started at /Users/franmedina/www/diario_de_vidas/wp-content/plugins/contact-form-7/includes/functions.php:355) in /Users/franmedina/www/diario_de_vidas/wp-includes/rest-api/class-wp-rest-server.php on line 1266
[09-Nov-2017 15:56:20 UTC] PHP Warning:  Cannot modify header information - headers already sent by (output started at /Users/franmedina/www/diario_de_vidas/wp-content/plugins/contact-form-7/includes/functions.php:355) in /Users/franmedina/www/diario_de_vidas/wp-includes/rest-api.php on line 551
[09-Nov-2017 15:56:20 UTC] PHP Warning:  Cannot modify header information - headers already sent by (output started at /Users/franmedina/www/diario_de_vidas/wp-content/plugins/contact-form-7/includes/functions.php:355) in /Users/franmedina/www/diario_de_vidas/wp-includes/rest-api.php on line 552
[09-Nov-2017 15:56:20 UTC] PHP Warning:  Cannot modify header information - headers already sent by (output started at /Users/franmedina/www/diario_de_vidas/wp-content/plugins/contact-form-7/includes/functions.php:355) in /Users/franmedina/www/diario_de_vidas/wp-includes/rest-api.php on line 553
[09-Nov-2017 15:56:20 UTC] PHP Warning:  Cannot modify header information - headers already sent by (output started at /Users/franmedina/www/diario_de_vidas/wp-content/plugins/contact-form-7/includes/functions.php:355) in /Users/franmedina/www/diario_de_vidas/wp-includes/rest-api.php on line 554
[09-Nov-2017 15:56:20 UTC] PHP Notice:  wpcf7_add_shortcode is <strong>deprecated</strong> since Contact Form 7 version 4.6! Use wpcf7_add_form_tag instead. in /Users/franmedina/www/diario_de_vidas/wp-content/plugins/contact-form-7/includes/functions.php on line 355
[09-Nov-2017 15:56:20 UTC] PHP Warning:  Cannot modify header information - headers already sent by (output started at /Users/franmedina/www/diario_de_vidas/wp-content/plugins/contact-form-7/includes/functions.php:355) in /Users/franmedina/www/diario_de_vidas/wp-includes/pluggable.php on line 1210
[09-Nov-2017 15:56:35 UTC] PHP Notice:  wpcf7_add_shortcode is <strong>deprecated</strong> since Contact Form 7 version 4.6! Use wpcf7_add_form_tag instead. in /Users/franmedina/www/diario_de_vidas/wp-content/plugins/contact-form-7/includes/functions.php on line 355
[09-Nov-2017 15:56:35 UTC] PHP Warning:  Cannot modify header information - headers already sent by (output started at /Users/franmedina/www/diario_de_vidas/wp-content/plugins/contact-form-7/includes/functions.php:355) in /Users/franmedina/www/diario_de_vidas/wp-includes/rest-api/class-wp-rest-server.php on line 1266
[09-Nov-2017 15:56:35 UTC] PHP Warning:  Cannot modify header information - headers already sent by (output started at /Users/franmedina/www/diario_de_vidas/wp-content/plugins/contact-form-7/includes/functions.php:355) in /Users/franmedina/www/diario_de_vidas/wp-includes/rest-api/class-wp-rest-server.php on line 1266
[09-Nov-2017 15:56:35 UTC] PHP Warning:  Cannot modify header information - headers already sent by (output started at /Users/franmedina/www/diario_de_vidas/wp-content/plugins/contact-form-7/includes/functions.php:355) in /Users/franmedina/www/diario_de_vidas/wp-includes/rest-api/class-wp-rest-server.php on line 1266
[09-Nov-2017 15:56:35 UTC] PHP Warning:  Cannot modify header information - headers already sent by (output started at /Users/franmedina/www/diario_de_vidas/wp-content/plugins/contact-form-7/includes/functions.php:355) in /Users/franmedina/www/diario_de_vidas/wp-includes/rest-api/class-wp-rest-server.php on line 1266
[09-Nov-2017 15:56:35 UTC] PHP Warning:  Cannot modify header information - headers already sent by (output started at /Users/franmedina/www/diario_de_vidas/wp-content/plugins/contact-form-7/includes/functions.php:355) in /Users/franmedina/www/diario_de_vidas/wp-includes/rest-api/class-wp-rest-server.php on line 1266
[09-Nov-2017 15:56:35 UTC] PHP Warning:  Cannot modify header information - headers already sent by (output started at /Users/franmedina/www/diario_de_vidas/wp-content/plugins/contact-form-7/includes/functions.php:355) in /Users/franmedina/www/diario_de_vidas/wp-includes/rest-api/class-wp-rest-server.php on line 1266
[09-Nov-2017 15:56:35 UTC] PHP Warning:  Cannot modify header information - headers already sent by (output started at /Users/franmedina/www/diario_de_vidas/wp-content/plugins/contact-form-7/includes/functions.php:355) in /Users/franmedina/www/diario_de_vidas/wp-includes/rest-api/class-wp-rest-server.php on line 1266
[09-Nov-2017 15:56:35 UTC] PHP Warning:  Cannot modify header information - headers already sent by (output started at /Users/franmedina/www/diario_de_vidas/wp-content/plugins/contact-form-7/includes/functions.php:355) in /Users/franmedina/www/diario_de_vidas/wp-includes/rest-api/class-wp-rest-server.php on line 1266
[09-Nov-2017 15:56:35 UTC] PHP Warning:  Cannot modify header information - headers already sent by (output started at /Users/franmedina/www/diario_de_vidas/wp-content/plugins/contact-form-7/includes/functions.php:355) in /Users/franmedina/www/diario_de_vidas/wp-includes/rest-api/class-wp-rest-server.php on line 1294
[09-Nov-2017 15:56:35 UTC] PHP Warning:  Cannot modify header information - headers already sent by (output started at /Users/franmedina/www/diario_de_vidas/wp-content/plugins/contact-form-7/includes/functions.php:355) in /Users/franmedina/www/diario_de_vidas/wp-includes/rest-api/class-wp-rest-server.php on line 1266
[09-Nov-2017 15:56:35 UTC] PHP Warning:  Cannot modify header information - headers already sent by (output started at /Users/franmedina/www/diario_de_vidas/wp-content/plugins/contact-form-7/includes/functions.php:355) in /Users/franmedina/www/diario_de_vidas/wp-includes/rest-api/class-wp-rest-server.php on line 1266
[09-Nov-2017 15:56:35 UTC] PHP Warning:  Cannot modify header information - headers already sent by (output started at /Users/franmedina/www/diario_de_vidas/wp-content/plugins/contact-form-7/includes/functions.php:355) in /Users/franmedina/www/diario_de_vidas/wp-includes/rest-api.php on line 551
[09-Nov-2017 15:56:35 UTC] PHP Warning:  Cannot modify header information - headers already sent by (output started at /Users/franmedina/www/diario_de_vidas/wp-content/plugins/contact-form-7/includes/functions.php:355) in /Users/franmedina/www/diario_de_vidas/wp-includes/rest-api.php on line 552
[09-Nov-2017 15:56:35 UTC] PHP Warning:  Cannot modify header information - headers already sent by (output started at /Users/franmedina/www/diario_de_vidas/wp-content/plugins/contact-form-7/includes/functions.php:355) in /Users/franmedina/www/diario_de_vidas/wp-includes/rest-api.php on line 553
[09-Nov-2017 15:56:35 UTC] PHP Warning:  Cannot modify header information - headers already sent by (output started at /Users/franmedina/www/diario_de_vidas/wp-content/plugins/contact-form-7/includes/functions.php:355) in /Users/franmedina/www/diario_de_vidas/wp-includes/rest-api.php on line 554
[09-Nov-2017 15:56:35 UTC] PHP Notice:  wpcf7_add_shortcode is <strong>deprecated</strong> since Contact Form 7 version 4.6! Use wpcf7_add_form_tag instead. in /Users/franmedina/www/diario_de_vidas/wp-content/plugins/contact-form-7/includes/functions.php on line 355
[09-Nov-2017 15:56:35 UTC] PHP Warning:  Cannot modify header information - headers already sent by (output started at /Users/franmedina/www/diario_de_vidas/wp-content/plugins/contact-form-7/includes/functions.php:355) in /Users/franmedina/www/diario_de_vidas/wp-includes/pluggable.php on line 1210
[09-Nov-2017 15:57:18 UTC] PHP Notice:  wpcf7_add_shortcode is <strong>deprecated</strong> since Contact Form 7 version 4.6! Use wpcf7_add_form_tag instead. in /Users/franmedina/www/diario_de_vidas/wp-content/plugins/contact-form-7/includes/functions.php on line 355
[09-Nov-2017 15:57:18 UTC] PHP Warning:  Cannot modify header information - headers already sent by (output started at /Users/franmedina/www/diario_de_vidas/wp-content/plugins/contact-form-7/includes/functions.php:355) in /Users/franmedina/www/diario_de_vidas/wp-includes/rest-api/class-wp-rest-server.php on line 1266
[09-Nov-2017 15:57:18 UTC] PHP Warning:  Cannot modify header information - headers already sent by (output started at /Users/franmedina/www/diario_de_vidas/wp-content/plugins/contact-form-7/includes/functions.php:355) in /Users/franmedina/www/diario_de_vidas/wp-includes/rest-api/class-wp-rest-server.php on line 1266
[09-Nov-2017 15:57:18 UTC] PHP Warning:  Cannot modify header information - headers already sent by (output started at /Users/franmedina/www/diario_de_vidas/wp-content/plugins/contact-form-7/includes/functions.php:355) in /Users/franmedina/www/diario_de_vidas/wp-includes/rest-api/class-wp-rest-server.php on line 1266
[09-Nov-2017 15:57:18 UTC] PHP Warning:  Cannot modify header information - headers already sent by (output started at /Users/franmedina/www/diario_de_vidas/wp-content/plugins/contact-form-7/includes/functions.php:355) in /Users/franmedina/www/diario_de_vidas/wp-includes/rest-api/class-wp-rest-server.php on line 1266
[09-Nov-2017 15:57:18 UTC] PHP Warning:  Cannot modify header information - headers already sent by (output started at /Users/franmedina/www/diario_de_vidas/wp-content/plugins/contact-form-7/includes/functions.php:355) in /Users/franmedina/www/diario_de_vidas/wp-includes/rest-api/class-wp-rest-server.php on line 1266
[09-Nov-2017 15:57:18 UTC] PHP Warning:  Cannot modify header information - headers already sent by (output started at /Users/franmedina/www/diario_de_vidas/wp-content/plugins/contact-form-7/includes/functions.php:355) in /Users/franmedina/www/diario_de_vidas/wp-includes/rest-api/class-wp-rest-server.php on line 1266
[09-Nov-2017 15:57:18 UTC] PHP Warning:  Cannot modify header information - headers already sent by (output started at /Users/franmedina/www/diario_de_vidas/wp-content/plugins/contact-form-7/includes/functions.php:355) in /Users/franmedina/www/diario_de_vidas/wp-includes/rest-api/class-wp-rest-server.php on line 1266
[09-Nov-2017 15:57:18 UTC] PHP Warning:  Cannot modify header information - headers already sent by (output started at /Users/franmedina/www/diario_de_vidas/wp-content/plugins/contact-form-7/includes/functions.php:355) in /Users/franmedina/www/diario_de_vidas/wp-includes/rest-api/class-wp-rest-server.php on line 1266
[09-Nov-2017 15:57:18 UTC] PHP Warning:  Cannot modify header information - headers already sent by (output started at /Users/franmedina/www/diario_de_vidas/wp-content/plugins/contact-form-7/includes/functions.php:355) in /Users/franmedina/www/diario_de_vidas/wp-includes/rest-api/class-wp-rest-server.php on line 1294
[09-Nov-2017 15:57:18 UTC] PHP Warning:  Cannot modify header information - headers already sent by (output started at /Users/franmedina/www/diario_de_vidas/wp-content/plugins/contact-form-7/includes/functions.php:355) in /Users/franmedina/www/diario_de_vidas/wp-includes/rest-api/class-wp-rest-server.php on line 1266
[09-Nov-2017 15:57:18 UTC] PHP Warning:  Cannot modify header information - headers already sent by (output started at /Users/franmedina/www/diario_de_vidas/wp-content/plugins/contact-form-7/includes/functions.php:355) in /Users/franmedina/www/diario_de_vidas/wp-includes/rest-api/class-wp-rest-server.php on line 1266
[09-Nov-2017 15:57:18 UTC] PHP Warning:  Cannot modify header information - headers already sent by (output started at /Users/franmedina/www/diario_de_vidas/wp-content/plugins/contact-form-7/includes/functions.php:355) in /Users/franmedina/www/diario_de_vidas/wp-includes/rest-api.php on line 551
[09-Nov-2017 15:57:18 UTC] PHP Warning:  Cannot modify header information - headers already sent by (output started at /Users/franmedina/www/diario_de_vidas/wp-content/plugins/contact-form-7/includes/functions.php:355) in /Users/franmedina/www/diario_de_vidas/wp-includes/rest-api.php on line 552
[09-Nov-2017 15:57:18 UTC] PHP Warning:  Cannot modify header information - headers already sent by (output started at /Users/franmedina/www/diario_de_vidas/wp-content/plugins/contact-form-7/includes/functions.php:355) in /Users/franmedina/www/diario_de_vidas/wp-includes/rest-api.php on line 553
[09-Nov-2017 15:57:18 UTC] PHP Warning:  Cannot modify header information - headers already sent by (output started at /Users/franmedina/www/diario_de_vidas/wp-content/plugins/contact-form-7/includes/functions.php:355) in /Users/franmedina/www/diario_de_vidas/wp-includes/rest-api.php on line 554
[09-Nov-2017 15:57:19 UTC] PHP Notice:  wpcf7_add_shortcode is <strong>deprecated</strong> since Contact Form 7 version 4.6! Use wpcf7_add_form_tag instead. in /Users/franmedina/www/diario_de_vidas/wp-content/plugins/contact-form-7/includes/functions.php on line 355
[09-Nov-2017 15:57:19 UTC] PHP Warning:  Cannot modify header information - headers already sent by (output started at /Users/franmedina/www/diario_de_vidas/wp-content/plugins/contact-form-7/includes/functions.php:355) in /Users/franmedina/www/diario_de_vidas/wp-includes/pluggable.php on line 1210
[09-Nov-2017 15:57:46 UTC] PHP Notice:  wpcf7_add_shortcode is <strong>deprecated</strong> since Contact Form 7 version 4.6! Use wpcf7_add_form_tag instead. in /Users/franmedina/www/diario_de_vidas/wp-content/plugins/contact-form-7/includes/functions.php on line 355
[09-Nov-2017 15:57:58 UTC] PHP Notice:  wpcf7_add_shortcode is <strong>deprecated</strong> since Contact Form 7 version 4.6! Use wpcf7_add_form_tag instead. in /Users/franmedina/www/diario_de_vidas/wp-content/plugins/contact-form-7/includes/functions.php on line 355
[09-Nov-2017 15:57:58 UTC] PHP Warning:  Cannot modify header information - headers already sent by (output started at /Users/franmedina/www/diario_de_vidas/wp-content/plugins/contact-form-7/includes/functions.php:355) in /Users/franmedina/www/diario_de_vidas/wp-includes/rest-api/class-wp-rest-server.php on line 1266
[09-Nov-2017 15:57:58 UTC] PHP Warning:  Cannot modify header information - headers already sent by (output started at /Users/franmedina/www/diario_de_vidas/wp-content/plugins/contact-form-7/includes/functions.php:355) in /Users/franmedina/www/diario_de_vidas/wp-includes/rest-api/class-wp-rest-server.php on line 1266
[09-Nov-2017 15:57:58 UTC] PHP Warning:  Cannot modify header information - headers already sent by (output started at /Users/franmedina/www/diario_de_vidas/wp-content/plugins/contact-form-7/includes/functions.php:355) in /Users/franmedina/www/diario_de_vidas/wp-includes/rest-api/class-wp-rest-server.php on line 1266
[09-Nov-2017 15:57:58 UTC] PHP Warning:  Cannot modify header information - headers already sent by (output started at /Users/franmedina/www/diario_de_vidas/wp-content/plugins/contact-form-7/includes/functions.php:355) in /Users/franmedina/www/diario_de_vidas/wp-includes/rest-api/class-wp-rest-server.php on line 1266
[09-Nov-2017 15:57:58 UTC] PHP Warning:  Cannot modify header information - headers already sent by (output started at /Users/franmedina/www/diario_de_vidas/wp-content/plugins/contact-form-7/includes/functions.php:355) in /Users/franmedina/www/diario_de_vidas/wp-includes/rest-api/class-wp-rest-server.php on line 1266
[09-Nov-2017 15:57:58 UTC] PHP Warning:  Cannot modify header information - headers already sent by (output started at /Users/franmedina/www/diario_de_vidas/wp-content/plugins/contact-form-7/includes/functions.php:355) in /Users/franmedina/www/diario_de_vidas/wp-includes/rest-api/class-wp-rest-server.php on line 1266
[09-Nov-2017 15:57:58 UTC] PHP Warning:  Cannot modify header information - headers already sent by (output started at /Users/franmedina/www/diario_de_vidas/wp-content/plugins/contact-form-7/includes/functions.php:355) in /Users/franmedina/www/diario_de_vidas/wp-includes/rest-api/class-wp-rest-server.php on line 1266
[09-Nov-2017 15:57:58 UTC] PHP Warning:  Cannot modify header information - headers already sent by (output started at /Users/franmedina/www/diario_de_vidas/wp-content/plugins/contact-form-7/includes/functions.php:355) in /Users/franmedina/www/diario_de_vidas/wp-includes/rest-api/class-wp-rest-server.php on line 1266
[09-Nov-2017 15:57:58 UTC] PHP Warning:  Cannot modify header information - headers already sent by (output started at /Users/franmedina/www/diario_de_vidas/wp-content/plugins/contact-form-7/includes/functions.php:355) in /Users/franmedina/www/diario_de_vidas/wp-includes/rest-api/class-wp-rest-server.php on line 1294
[09-Nov-2017 15:57:58 UTC] PHP Warning:  Cannot modify header information - headers already sent by (output started at /Users/franmedina/www/diario_de_vidas/wp-content/plugins/contact-form-7/includes/functions.php:355) in /Users/franmedina/www/diario_de_vidas/wp-includes/rest-api/class-wp-rest-server.php on line 1266
[09-Nov-2017 15:57:58 UTC] PHP Warning:  Cannot modify header information - headers already sent by (output started at /Users/franmedina/www/diario_de_vidas/wp-content/plugins/contact-form-7/includes/functions.php:355) in /Users/franmedina/www/diario_de_vidas/wp-includes/rest-api/class-wp-rest-server.php on line 1266
[09-Nov-2017 15:57:58 UTC] PHP Warning:  Cannot modify header information - headers already sent by (output started at /Users/franmedina/www/diario_de_vidas/wp-content/plugins/contact-form-7/includes/functions.php:355) in /Users/franmedina/www/diario_de_vidas/wp-includes/rest-api.php on line 551
[09-Nov-2017 15:57:58 UTC] PHP Warning:  Cannot modify header information - headers already sent by (output started at /Users/franmedina/www/diario_de_vidas/wp-content/plugins/contact-form-7/includes/functions.php:355) in /Users/franmedina/www/diario_de_vidas/wp-includes/rest-api.php on line 552
[09-Nov-2017 15:57:58 UTC] PHP Warning:  Cannot modify header information - headers already sent by (output started at /Users/franmedina/www/diario_de_vidas/wp-content/plugins/contact-form-7/includes/functions.php:355) in /Users/franmedina/www/diario_de_vidas/wp-includes/rest-api.php on line 553
[09-Nov-2017 15:57:58 UTC] PHP Warning:  Cannot modify header information - headers already sent by (output started at /Users/franmedina/www/diario_de_vidas/wp-content/plugins/contact-form-7/includes/functions.php:355) in /Users/franmedina/www/diario_de_vidas/wp-includes/rest-api.php on line 554
[09-Nov-2017 15:57:58 UTC] PHP Notice:  wpcf7_add_shortcode is <strong>deprecated</strong> since Contact Form 7 version 4.6! Use wpcf7_add_form_tag instead. in /Users/franmedina/www/diario_de_vidas/wp-content/plugins/contact-form-7/includes/functions.php on line 355
[09-Nov-2017 15:57:59 UTC] PHP Warning:  Cannot modify header information - headers already sent by (output started at /Users/franmedina/www/diario_de_vidas/wp-content/plugins/contact-form-7/includes/functions.php:355) in /Users/franmedina/www/diario_de_vidas/wp-includes/pluggable.php on line 1210
[09-Nov-2017 15:58:05 UTC] PHP Notice:  wpcf7_add_shortcode is <strong>deprecated</strong> since Contact Form 7 version 4.6! Use wpcf7_add_form_tag instead. in /Users/franmedina/www/diario_de_vidas/wp-content/plugins/contact-form-7/includes/functions.php on line 355
[09-Nov-2017 15:58:06 UTC] PHP Notice:  wpcf7_add_shortcode is <strong>deprecated</strong> since Contact Form 7 version 4.6! Use wpcf7_add_form_tag instead. in /Users/franmedina/www/diario_de_vidas/wp-content/plugins/contact-form-7/includes/functions.php on line 355
[09-Nov-2017 15:58:06 UTC] PHP Notice:  WPCF7_ContactForm::form_scan_shortcode is <strong>deprecated</strong> since Contact Form 7 version 4.6! Use WPCF7_ContactForm::scan_form_tags instead. in /Users/franmedina/www/diario_de_vidas/wp-content/plugins/contact-form-7/includes/functions.php on line 355
[09-Nov-2017 15:58:12 UTC] PHP Notice:  wpcf7_add_shortcode is <strong>deprecated</strong> since Contact Form 7 version 4.6! Use wpcf7_add_form_tag instead. in /Users/franmedina/www/diario_de_vidas/wp-content/plugins/contact-form-7/includes/functions.php on line 355
[09-Nov-2017 15:58:13 UTC] PHP Warning:  Cannot modify header information - headers already sent by (output started at /Users/franmedina/www/diario_de_vidas/wp-content/plugins/contact-form-7/includes/functions.php:355) in /Users/franmedina/www/diario_de_vidas/wp-includes/pluggable.php on line 1210
[09-Nov-2017 15:58:17 UTC] PHP Notice:  wpcf7_add_shortcode is <strong>deprecated</strong> since Contact Form 7 version 4.6! Use wpcf7_add_form_tag instead. in /Users/franmedina/www/diario_de_vidas/wp-content/plugins/contact-form-7/includes/functions.php on line 355
[09-Nov-2017 15:58:19 UTC] PHP Notice:  wpcf7_add_shortcode is <strong>deprecated</strong> since Contact Form 7 version 4.6! Use wpcf7_add_form_tag instead. in /Users/franmedina/www/diario_de_vidas/wp-content/plugins/contact-form-7/includes/functions.php on line 355
[09-Nov-2017 15:58:19 UTC] PHP Notice:  WPCF7_ContactForm::form_scan_shortcode is <strong>deprecated</strong> since Contact Form 7 version 4.6! Use WPCF7_ContactForm::scan_form_tags instead. in /Users/franmedina/www/diario_de_vidas/wp-content/plugins/contact-form-7/includes/functions.php on line 355
[09-Nov-2017 15:58:23 UTC] PHP Notice:  wpcf7_add_shortcode is <strong>deprecated</strong> since Contact Form 7 version 4.6! Use wpcf7_add_form_tag instead. in /Users/franmedina/www/diario_de_vidas/wp-content/plugins/contact-form-7/includes/functions.php on line 355
[09-Nov-2017 15:58:23 UTC] PHP Warning:  Cannot modify header information - headers already sent by (output started at /Users/franmedina/www/diario_de_vidas/wp-content/plugins/contact-form-7/includes/functions.php:355) in /Users/franmedina/www/diario_de_vidas/wp-includes/pluggable.php on line 1210
[09-Nov-2017 15:59:12 UTC] PHP Notice:  wpcf7_add_shortcode is <strong>deprecated</strong> since Contact Form 7 version 4.6! Use wpcf7_add_form_tag instead. in /Users/franmedina/www/diario_de_vidas/wp-content/plugins/contact-form-7/includes/functions.php on line 355
[09-Nov-2017 15:59:20 UTC] PHP Notice:  wpcf7_add_shortcode is <strong>deprecated</strong> since Contact Form 7 version 4.6! Use wpcf7_add_form_tag instead. in /Users/franmedina/www/diario_de_vidas/wp-content/plugins/contact-form-7/includes/functions.php on line 355
[09-Nov-2017 15:59:25 UTC] PHP Notice:  wpcf7_add_shortcode is <strong>deprecated</strong> since Contact Form 7 version 4.6! Use wpcf7_add_form_tag instead. in /Users/franmedina/www/diario_de_vidas/wp-content/plugins/contact-form-7/includes/functions.php on line 355
[09-Nov-2017 16:25:32 UTC] PHP Warning:  mysqli_real_connect(): (HY000/2002): No such file or directory in /Users/franmedina/www/diario_de_vidas/wp-includes/wp-db.php on line 1603
[09-Nov-2017 16:25:33 UTC] PHP Warning:  mysqli_real_connect(): (HY000/2002): No such file or directory in /Users/franmedina/www/diario_de_vidas/wp-includes/wp-db.php on line 1603
[09-Nov-2017 16:26:43 UTC] PHP Notice:  wpcf7_add_shortcode is <strong>deprecated</strong> since Contact Form 7 version 4.6! Use wpcf7_add_form_tag instead. in /Users/franmedina/www/diario_de_vidas/wp-content/plugins/contact-form-7/includes/functions.php on line 355
[09-Nov-2017 16:26:50 UTC] PHP Notice:  wpcf7_add_shortcode is <strong>deprecated</strong> since Contact Form 7 version 4.6! Use wpcf7_add_form_tag instead. in /Users/franmedina/www/diario_de_vidas/wp-content/plugins/contact-form-7/includes/functions.php on line 355
[09-Nov-2017 16:26:58 UTC] PHP Notice:  wpcf7_add_shortcode is <strong>deprecated</strong> since Contact Form 7 version 4.6! Use wpcf7_add_form_tag instead. in /Users/franmedina/www/diario_de_vidas/wp-content/plugins/contact-form-7/includes/functions.php on line 355
[09-Nov-2017 16:27:30 UTC] PHP Notice:  wpcf7_add_shortcode is <strong>deprecated</strong> since Contact Form 7 version 4.6! Use wpcf7_add_form_tag instead. in /Users/franmedina/www/diario_de_vidas/wp-content/plugins/contact-form-7/includes/functions.php on line 355
[10-Nov-2017 02:53:00 UTC] PHP Warning:  Ocurrió un error inesperado. Algo debe estar mal con WordPress.org o la configuración de este servidor. Si continúas con problemas, por favor visita los <a href="https://wordpress.org/support/">foros de soporte</a>. (WordPress no pudo establecer una conexión segura a WordPress.org. Por favor contacta al administrador de tu servidor.) in /Users/franmedina/www/diario_de_vidas/wp-includes/update.php on line 323
[10-Nov-2017 13:50:52 UTC] PHP Warning:  mysqli_real_connect(): (HY000/2002): No such file or directory in /Users/franmedina/www/diario_de_vidas/wp-includes/wp-db.php on line 1603
[10-Nov-2017 13:52:17 UTC] PHP Warning:  Ocurrió un error inesperado. Algo debe estar mal con WordPress.org o la configuración de este servidor. Si continúas con problemas, por favor visita los <a href="https://wordpress.org/support/">foros de soporte</a>. (WordPress no pudo establecer una conexión segura a WordPress.org. Por favor contacta al administrador de tu servidor.) in /Users/franmedina/www/diario_de_vidas/wp-includes/update.php on line 131
[10-Nov-2017 13:52:36 UTC] PHP Warning:  Ocurrió un error inesperado. Algo debe estar mal con WordPress.org o la configuración de este servidor. Si continúas con problemas, por favor visita los <a href="https://wordpress.org/support/">foros de soporte</a>. (WordPress no pudo establecer una conexión segura a WordPress.org. Por favor contacta al administrador de tu servidor.) in /Users/franmedina/www/diario_de_vidas/wp-includes/update.php on line 323
[10-Nov-2017 13:53:16 UTC] PHP Warning:  Ocurrió un error inesperado. Algo debe estar mal con WordPress.org o la configuración de este servidor. Si continúas con problemas, por favor visita los <a href="https://wordpress.org/support/">foros de soporte</a>. (WordPress no pudo establecer una conexión segura a WordPress.org. Por favor contacta al administrador de tu servidor.) in /Users/franmedina/www/diario_de_vidas/wp-includes/update.php on line 501
[10-Nov-2017 13:53:56 UTC] PHP Warning:  Ocurrió un error inesperado. Algo debe estar mal con WordPress.org o la configuración de este servidor. Si continúas con problemas, por favor visita los <a href="https://wordpress.org/support/">foros de soporte</a>. (WordPress no pudo establecer una conexión segura a WordPress.org. Por favor contacta al administrador de tu servidor.) in /Users/franmedina/www/diario_de_vidas/wp-includes/update.php on line 131
[10-Nov-2017 13:54:04 UTC] PHP Warning:  Ocurrió un error inesperado. Algo debe estar mal con WordPress.org o la configuración de este servidor. Si continúas con problemas, por favor visita los <a href="https://wordpress.org/support/">foros de soporte</a>. (WordPress no pudo establecer una conexión segura a WordPress.org. Por favor contacta al administrador de tu servidor.) in /Users/franmedina/www/diario_de_vidas/wp-includes/update.php on line 501
[10-Nov-2017 13:54:04 UTC] PHP Warning:  Ocurrió un error inesperado. Algo debe estar mal con WordPress.org o la configuración de este servidor. Si continúas con problemas, por favor visita los <a href="https://wordpress.org/support/">foros de soporte</a>. (WordPress no pudo establecer una conexión segura a WordPress.org. Por favor contacta al administrador de tu servidor.) in /Users/franmedina/www/diario_de_vidas/wp-includes/update.php on line 323
[10-Nov-2017 13:54:04 UTC] PHP Warning:  Ocurrió un error inesperado. Algo debe estar mal con WordPress.org o la configuración de este servidor. Si continúas con problemas, por favor visita los <a href="https://wordpress.org/support/">foros de soporte</a>. (WordPress no pudo establecer una conexión segura a WordPress.org. Por favor contacta al administrador de tu servidor.) in /Users/franmedina/www/diario_de_vidas/wp-includes/update.php on line 131
[10-Nov-2017 13:54:04 UTC] PHP Warning:  Ocurrió un error inesperado. Algo debe estar mal con WordPress.org o la configuración de este servidor. Si continúas con problemas, por favor visita los <a href="https://wordpress.org/support/">foros de soporte</a>. (WordPress no pudo establecer una conexión segura a WordPress.org. Por favor contacta al administrador de tu servidor.) in /Users/franmedina/www/diario_de_vidas/wp-includes/update.php on line 501
[10-Nov-2017 13:54:04 UTC] PHP Warning:  Ocurrió un error inesperado. Algo debe estar mal con WordPress.org o la configuración de este servidor. Si continúas con problemas, por favor visita los <a href="https://wordpress.org/support/">foros de soporte</a>. (WordPress no pudo establecer una conexión segura a WordPress.org. Por favor contacta al administrador de tu servidor.) in /Users/franmedina/www/diario_de_vidas/wp-includes/update.php on line 323
[10-Nov-2017 13:54:04 UTC] PHP Warning:  Ocurrió un error inesperado. Algo debe estar mal con WordPress.org o la configuración de este servidor. Si continúas con problemas, por favor visita los <a href="https://wordpress.org/support/">foros de soporte</a>. (WordPress no pudo establecer una conexión segura a WordPress.org. Por favor contacta al administrador de tu servidor.) in /Users/franmedina/www/diario_de_vidas/wp-includes/update.php on line 323
[10-Nov-2017 13:54:04 UTC] PHP Warning:  Ocurrió un error inesperado. Algo debe estar mal con WordPress.org o la configuración de este servidor. Si continúas con problemas, por favor visita los <a href="https://wordpress.org/support/">foros de soporte</a>. (WordPress no pudo establecer una conexión segura a WordPress.org. Por favor contacta al administrador de tu servidor.) in /Users/franmedina/www/diario_de_vidas/wp-includes/update.php on line 501
[10-Nov-2017 14:06:39 UTC] WP_Community_Events::maybe_log_events_response: Valid response received. Details: {"api_url":"https:\/\/api.wordpress.org\/events\/1.0\/","request_args":{"body":{"number":5,"ip":"::","locale":"es_CL","timezone":"America\/Santiago"}},"response_code":200,"response_body":{"location":{"ip":"146.155.117.47"},"events":"1 events trimmed."}}
[10-Nov-2017 14:17:54 UTC] PHP Warning:  Ocurrió un error inesperado. Algo debe estar mal con WordPress.org o la configuración de este servidor. Si continúas con problemas, por favor visita los <a href="https://wordpress.org/support/">foros de soporte</a>. (WordPress no pudo establecer una conexión segura a WordPress.org. Por favor contacta al administrador de tu servidor.) in /Users/franmedina/www/diario_de_vidas/wp-includes/update.php on line 323
[10-Nov-2017 14:17:57 UTC] PHP Warning:  Ocurrió un error inesperado. Algo debe estar mal con WordPress.org o la configuración de este servidor. Si continúas con problemas, por favor visita los <a href="https://wordpress.org/support/">foros de soporte</a>. (WordPress no pudo establecer una conexión segura a WordPress.org. Por favor contacta al administrador de tu servidor.) in /Users/franmedina/www/diario_de_vidas/wp-includes/update.php on line 323
[10-Nov-2017 14:18:15 UTC] PHP Notice:  wpcf7_remove_shortcode is <strong>deprecated</strong> since Contact Form 7 version 4.6! Use wpcf7_remove_form_tag instead. in /Users/franmedina/www/diario_de_vidas/wp-content/plugins/contact-form-7/includes/functions.php on line 355
[10-Nov-2017 14:18:15 UTC] PHP Notice:  wpcf7_add_shortcode is <strong>deprecated</strong> since Contact Form 7 version 4.6! Use wpcf7_add_form_tag instead. in /Users/franmedina/www/diario_de_vidas/wp-content/plugins/contact-form-7/includes/functions.php on line 355
[10-Nov-2017 14:18:34 UTC] PHP Notice:  wpcf7_remove_shortcode is <strong>deprecated</strong> since Contact Form 7 version 4.6! Use wpcf7_remove_form_tag instead. in /Users/franmedina/www/diario_de_vidas/wp-content/plugins/contact-form-7/includes/functions.php on line 355
[10-Nov-2017 14:18:34 UTC] PHP Notice:  wpcf7_add_shortcode is <strong>deprecated</strong> since Contact Form 7 version 4.6! Use wpcf7_add_form_tag instead. in /Users/franmedina/www/diario_de_vidas/wp-content/plugins/contact-form-7/includes/functions.php on line 355
[10-Nov-2017 21:34:50 UTC] PHP Notice:  wpcf7_add_shortcode is <strong>deprecated</strong> since Contact Form 7 version 4.6! Use wpcf7_add_form_tag instead. in /Users/franmedina/www/diario_de_vidas/wp-content/plugins/contact-form-7/includes/functions.php on line 355
[10-Nov-2017 21:34:50 UTC] PHP Warning:  Cannot modify header information - headers already sent by (output started at /Users/franmedina/www/diario_de_vidas/wp-content/plugins/contact-form-7/includes/functions.php:355) in /Users/franmedina/www/diario_de_vidas/wp-includes/pluggable.php on line 1210
[10-Nov-2017 21:35:22 UTC] WP_Community_Events::maybe_log_events_response: Valid response received. Details: {"api_url":"https:\/\/api.wordpress.org\/events\/1.0\/","request_args":{"body":{"number":5,"ip":"127.0.0.0","locale":"es_CL","timezone":"America\/Santiago"}},"response_code":200,"response_body":{"location":{"ip":"200.83.181.229"},"events":"1 events trimmed."}}
[10-Nov-2017 21:47:35 UTC] PHP Warning:  mysqli_real_connect(): (HY000/2002): No such file or directory in /Users/franmedina/www/diario_de_vidas/wp-includes/wp-db.php on line 1603
[14-Nov-2017 21:19:12 UTC] WP_Community_Events::maybe_log_events_response: Valid response received. Details: {"api_url":"https:\/\/api.wordpress.org\/events\/1.0\/","request_args":{"body":{"number":5,"ip":"::","locale":"es_CL","timezone":"America\/Santiago"}},"response_code":200,"response_body":{"location":{"ip":"190.20.201.152"},"events":"1 events trimmed."}}
[14-Nov-2017 21:44:27 UTC] PHP Notice:  Undefined offset: 0 in /Users/franmedina/www/diario_de_vidas/wp-includes/class-wp-query.php on line 3090
[14-Nov-2017 21:44:42 UTC] PHP Notice:  Undefined offset: 0 in /Users/franmedina/www/diario_de_vidas/wp-includes/class-wp-query.php on line 3090
[14-Nov-2017 23:09:26 UTC] PHP Parse error:  syntax error, unexpected 'smallScreen' (T_STRING), expecting ')' in /Users/franmedina/www/diario_de_vidas/wp-content/themes/diario_vidas/functions/wp_enqueue_style.php on line 10
[15-Nov-2017 22:36:43 UTC] PHP Warning:  Ocurrió un error inesperado. Algo debe estar mal con WordPress.org o la configuración de este servidor. Si continúas con problemas, por favor visita los <a href="https://wordpress.org/support/">foros de soporte</a>. (WordPress no pudo establecer una conexión segura a WordPress.org. Por favor contacta al administrador de tu servidor.) in /Users/franmedina/www/diario_de_vidas/wp-includes/update.php on line 131
[15-Nov-2017 22:37:03 UTC] PHP Warning:  Ocurrió un error inesperado. Algo debe estar mal con WordPress.org o la configuración de este servidor. Si continúas con problemas, por favor visita los <a href="https://wordpress.org/support/">foros de soporte</a>. (WordPress no pudo establecer una conexión segura a WordPress.org. Por favor contacta al administrador de tu servidor.) in /Users/franmedina/www/diario_de_vidas/wp-includes/update.php on line 323
[15-Nov-2017 22:37:21 UTC] PHP Warning:  Ocurrió un error inesperado. Algo debe estar mal con WordPress.org o la configuración de este servidor. Si continúas con problemas, por favor visita los <a href="https://wordpress.org/support/">foros de soporte</a>. (WordPress no pudo establecer una conexión segura a WordPress.org. Por favor contacta al administrador de tu servidor.) in /Users/franmedina/www/diario_de_vidas/wp-includes/update.php on line 501
[15-Nov-2017 22:39:56 UTC] WP_Community_Events::maybe_log_events_response: cURL error 28: Connection timed out after 5000 milliseconds. Details: {"api_url":"https:\/\/api.wordpress.org\/events\/1.0\/","request_args":{"body":{"number":5,"ip":"::","locale":"es_CL","timezone":"America\/Santiago"}},"response_code":"","response_body":null}
[15-Nov-2017 22:40:07 UTC] PHP Warning:  Ocurrió un error inesperado. Algo debe estar mal con WordPress.org o la configuración de este servidor. Si continúas con problemas, por favor visita los <a href="https://wordpress.org/support/">foros de soporte</a>. (WordPress no pudo establecer una conexión segura a WordPress.org. Por favor contacta al administrador de tu servidor.) in /Users/franmedina/www/diario_de_vidas/wp-includes/update.php on line 323
[15-Nov-2017 22:40:11 UTC] PHP Warning:  Ocurrió un error inesperado. Algo debe estar mal con WordPress.org o la configuración de este servidor. Si continúas con problemas, por favor visita los <a href="https://wordpress.org/support/">foros de soporte</a>. (WordPress no pudo establecer una conexión segura a WordPress.org. Por favor contacta al administrador de tu servidor.) in /Users/franmedina/www/diario_de_vidas/wp-includes/update.php on line 323
[15-Nov-2017 22:40:14 UTC] PHP Warning:  Ocurrió un error inesperado. Algo debe estar mal con WordPress.org o la configuración de este servidor. Si continúas con problemas, por favor visita los <a href="https://wordpress.org/support/">foros de soporte</a>. (WordPress no pudo establecer una conexión segura a WordPress.org. Por favor contacta al administrador de tu servidor.) in /Users/franmedina/www/diario_de_vidas/wp-includes/update.php on line 323
[15-Nov-2017 22:40:14 UTC] PHP Warning:  Ocurrió un error inesperado. Algo debe estar mal con WordPress.org o la configuración de este servidor. Si continúas con problemas, por favor visita los <a href="https://wordpress.org/support/">foros de soporte</a>. (WordPress no pudo establecer una conexión segura a WordPress.org. Por favor contacta al administrador de tu servidor.) in /Users/franmedina/www/diario_de_vidas/wp-includes/update.php on line 323
[15-Nov-2017 23:27:44 UTC] WP_Community_Events::maybe_log_events_response: cURL error 28: Connection timed out after 5001 milliseconds. Details: {"api_url":"https:\/\/api.wordpress.org\/events\/1.0\/","request_args":{"body":{"number":5,"ip":"::","locale":"es_CL","timezone":"America\/Santiago"}},"response_code":"","response_body":null}
[15-Nov-2017 23:27:56 UTC] PHP Warning:  Ocurrió un error inesperado. Algo debe estar mal con WordPress.org o la configuración de este servidor. Si continúas con problemas, por favor visita los <a href="https://wordpress.org/support/">foros de soporte</a>. (WordPress no pudo establecer una conexión segura a WordPress.org. Por favor contacta al administrador de tu servidor.) in /Users/franmedina/www/diario_de_vidas/wp-includes/update.php on line 323
[15-Nov-2017 23:46:50 UTC] WP_Community_Events::maybe_log_events_response: Valid response received. Details: {"api_url":"https:\/\/api.wordpress.org\/events\/1.0\/","request_args":{"body":{"number":5,"ip":"127.0.0.0","locale":"es_CL","timezone":"America\/Santiago"}},"response_code":200,"response_body":{"location":{"ip":"201.238.243.178"},"events":"1 events trimmed."}}
[16-Nov-2017 03:11:23 UTC] PHP Fatal error:  Cannot redeclare create_post_type() (previously declared in /Users/franmedina/www/diario_de_vidas/wp-content/themes/diario_vidas/functions/custom_story.php:61) in /Users/franmedina/www/diario_de_vidas/wp-content/themes/diario_vidas/functions/custom_story_archive.php on line 15
[16-Nov-2017 03:33:58 UTC] WP_Community_Events::maybe_log_events_response: Valid response received. Details: {"api_url":"https:\/\/api.wordpress.org\/events\/1.0\/","request_args":{"body":{"number":5,"ip":"::","locale":"es_CL","timezone":"America\/Santiago"}},"response_code":200,"response_body":{"location":{"ip":"200.83.181.229"},"events":"1 events trimmed."}}
